21STCENMGM.NS,2025-03-31
3PLAND.NS,2025-03-31
A2ZINFRA.NS,2025-03-31
AADHARHFC.NS,2021-03-31
AARON.NS,2025-03-31
AARTIIND.NS,2025-03-31
AARVI.NS,2025-03-31
ABAN.NS,2025-03-31
ABDL.NS,2025-03-31
ABDL.NS,2021-03-31
ABMINTLLTD.NS,2025-03-31
ABSLAMC.NS,2025-03-31
ACCURACY.NS,2025-03-31
ACEINTEG.NS,2025-03-31
ACL.NS,2023-03-31
ACL.NS,2022-03-31
ACLGATI.NS,2025-03-31
ADANIENSOL.NS,2025-03-31
ADANIGREEN.NS,2025-03-31
ADANIPORTS.NS,2025-03-31
ADROITINFO.NS,2025-03-31
AEGISLOG.NS,2025-03-31
AEGISVOPAK.NS,2022-03-31
AETHER.NS,2025-03-31
AFCONS.NS,2025-03-31
AFIL.NS,2025-03-31
AFIL.NS,2021-03-31
AFSL.NS,2025-03-31
AGARIND.NS,2025-03-31
AGARWALEYE.NS,2025-03-31
AGI.NS,2025-03-31
AGIIL.NS,2025-03-31
AHLEAST.NS,2025-03-31
AIAENG.NS,2025-03-31
AIIL.NS,2025-03-31
AIRAN.NS,2025-03-31
AIROLAM.NS,2025-03-31
AJAXENGG.NS,2025-03-31
AJOONI.NS,2025-03-31
AKASH.NS,2025-03-31
AKG.NS,2025-03-31
AKUMS.NS,2025-03-31
AKZOINDIA.NS,2025-03-31
ALANKIT.NS,2025-03-31
ALBERTDAVD.NS,2025-03-31
ALKALI.NS,2025-03-31
ALLDIGI.NS,2025-03-31
ALPA.NS,2025-03-31
ALPSINDUS.NS,2025-03-31
AMBIKCO.NS,2025-03-31
AMDIND.NS,2025-03-31
AMJLAND.NS,2025-03-31
AMRUTANJAN.NS,2025-03-31
ANANTRAJ.NS,2025-03-31
ANTGRAPHIC.NS,2024-03-31
ANUP.NS,2025-03-31
APLAPOLLO.NS,2025-03-31
APOLLOTYRE.NS,2025-03-31
APOLSINHOT.NS,2025-03-31
APTUS.NS,2025-03-31
ARE&M.NS,2025-03-31
ARENTERP.NS,2025-03-31
ARIHANTSUP.NS,2025-03-31
ARTNIRMAN.NS,2021-03-31
ARVSMART.NS,2025-03-31
ASAHISONG.NS,2025-03-31
ASHIMASYN.NS,2025-03-31
ASIANENE.NS,2025-03-31
ASMS.NS,2025-03-31
ASPINWALL.NS,2025-03-31
ASTERDM.NS,2025-03-31
ATL.NS,2025-03-31
ATUL.NS,2025-03-31
ATULAUTO.NS,2025-03-31
AUBANK.NS,2025-03-31
AUROPHARMA.NS,2025-03-31
AURUM.NS,2025-03-31
AUSOMENT.NS,2025-03-31
AUTOIND.NS,2025-03-31
AVALON.NS,2025-03-31
AVANTEL.NS,2025-03-31
AVANTIFEED.NS,2025-03-31
AVG.NS,2025-03-31
AVROIND.NS,2025-03-31
AVTNPL.NS,2025-03-31
AWFIS.NS,2025-03-31
AWFIS.NS,2021-03-31
AWHCL.NS,2025-03-31
AWL.NS,2025-03-31
AXISCADES.NS,2025-03-31
AXITA.NS,2025-03-31
AZAD.NS,2025-03-31
BAJAJELEC.NS,2025-03-31
BAJAJFINSV.NS,2025-03-31
BAJAJHFL.NS,2025-03-31
BAJAJHIND.NS,2025-03-31
BAJAJINDEF.NS,2025-03-31
BAJAJINDEF.NS,2024-03-31
BAJAJINDEF.NS,2023-03-31
BAJEL.NS,2025-03-31
BALAXI.NS,2025-03-31
BALMLAWRIE.NS,2025-03-31
BANARBEADS.NS,2025-03-31
BANARISUG.NS,2025-03-31
BANKA.NS,2025-03-31
BANSALWIRE.NS,2025-03-31
BASML.NS,2025-03-31
BATAINDIA.NS,2025-03-31
BAYERCROP.NS,2025-03-31
BBL.NS,2025-03-31
BBTC.NS,2025-03-31
BEDMUTHA.NS,2025-03-31
BESTAGRO.NS,2025-03-31
BFINVEST.NS,2025-03-31
BHAGYANGR.NS,2025-03-31
BHANDARI.NS,2025-03-31
BHARATGEAR.NS,2025-03-31
BHARATRAS.NS,2025-03-31
BHARTIARTL.NS,2025-03-31
BHARTIHEXA.NS,2021-03-31
BINANIIND.NS,2024-03-31
BINANIIND.NS,2025-03-31
BIOFILCHEM.NS,2025-03-31
BIRLAMONEY.NS,2025-03-31
BLAL.NS,2023-03-31
BLAL.NS,2022-03-31
BLAL.NS,2024-03-31
BLAL.NS,2025-03-31
BLSE.NS,2025-03-31
BLUECOAST.NS,2023-03-31
BLUECOAST.NS,2025-03-31
BLUECOAST.NS,2024-03-31
BLUECOAST.NS,2022-03-31
BLUESTARCO.NS,2025-03-31
BOHRAIND.NS,2023-03-31
BOHRAIND.NS,2024-03-31
BOHRAIND.NS,2022-03-31
BOHRAIND.NS,2025-03-31
BOMDYEING.NS,2025-03-31
BORANA.NS,2024-03-31
BOROLTD.NS,2025-03-31
BOROSCI.NS,2025-03-31
BPL.NS,2025-03-31
BPL.NS,2021-03-31
BRIGADE.NS,2025-03-31
BRITANNIA.NS,2025-03-31
BSE.NS,2025-03-31
BSHSL.NS,2025-03-31
BTML.NS,2025-03-31
BUTTERFLY.NS,2025-03-31
BYKE.NS,2025-03-31
CALSOFT.NS,2025-03-31
CAMLINFINE.NS,2025-03-31
CANBK.NS,2025-03-31
CANFINHOME.NS,2025-03-31
CAPTRUST.NS,2025-03-31
CARERATING.NS,2025-03-31
CARYSIL.NS,2025-03-31
CCHHL.NS,2025-03-31
CDSL.NS,2025-03-31
CEATLTD.NS,2025-03-31
CEIGALL.NS,2025-03-31
CENTRALBK.NS,2025-03-31
CERA.NS,2025-03-31
CEREBRAINT.NS,2025-03-31
CEWATER.NS,2025-03-31
CHEMFAB.NS,2025-03-31
CHEMPLASTS.NS,2025-03-31
CHEVIOT.NS,2025-03-31
CHOLAHLDNG.NS,2025-03-31
CIGNITITEC.NS,2025-03-31
CINELINE.NS,2025-03-31
CIPLA.NS,2025-03-31
CLEAN.NS,2025-03-31
CMSINFO.NS,2025-03-31
COALINDIA.NS,2025-03-31
COCHINSHIP.NS,2025-03-31
COMPUSOFT.NS,2025-03-31
COMSYN.NS,2025-03-31
CONCORDBIO.NS,2025-03-31
CORDSCABLE.NS,2025-03-31
COUNCODOS.NS,2025-03-31
CPCAP.NS,2025-03-31
CRAFTSMAN.NS,2025-03-31
CREATIVE.NS,2025-03-31
CREATIVEYE.NS,2025-03-31
CREST.NS,2025-03-31
CROWN.NS,2025-03-31
CSBBANK.NS,2025-03-31
CTE.NS,2025-03-31
CUB.NS,2025-03-31
CUBEXTUB.NS,2025-03-31
CURAA.NS,2023-03-31
CURAA.NS,2022-03-31
CURAA.NS,2024-03-31
CURAA.NS,2025-03-31
CYIENT.NS,2025-03-31
DALMIASUG.NS,2025-03-31
DANGEE.NS,2025-03-31
DAVANGERE.NS,2025-03-31
DBL.NS,2025-03-31
DBOL.NS,2025-03-31
DBREALTY.NS,2025-03-31
DCMFINSERV.NS,2024-03-31
DCMFINSERV.NS,2025-03-31
DCMNVL.NS,2025-03-31
DCXINDIA.NS,2025-03-31
DDEVPLSTIK.NS,2025-03-31
DECCANCE.NS,2025-03-31
DEEDEV.NS,2025-03-31
DEEDEV.NS,2021-03-31
DELHIVERY.NS,2025-03-31
DELTACORP.NS,2025-03-31
DEN.NS,2025-03-31
DENORA.NS,2025-03-31
DHANLAXMI.NS,2024-03-31
DHARMAJ.NS,2025-03-31
DHRUV.NS,2025-03-31
DIACABS.NS,2025-03-31
DIACABS.NS,2022-03-31
DIAMONDYD.NS,2025-03-31
DIGIDRIVE.NS,2025-03-31
DIL.NS,2024-03-31
DJML.NS,2025-03-31
DOLATALGO.NS,2025-03-31
DOLLAR.NS,2025-03-31
DOLPHIN.NS,2023-03-31
DOLPHIN.NS,2022-03-31
DONEAR.NS,2025-03-31
DRCSYSTEMS.NS,2025-03-31
DRREDDY.NS,2025-03-31
DUCON.NS,2025-03-31
E2E.NS,2025-03-31
EASEMYTRIP.NS,2025-03-31
EIDPARRY.NS,2025-03-31
EIEL.NS,2025-03-31
EIFFL.NS,2025-03-31
ELDEHSG.NS,2025-03-31
ELECTHERM.NS,2025-03-31
EMAMILTD.NS,2025-03-31
EMAMIPAP.NS,2025-03-31
EMBDL.NS,2025-03-31
EMCURE.NS,2025-03-31
EMKAY.NS,2025-03-31
ENERGYDEV.NS,2025-03-31
ENTERO.NS,2025-03-31
EPACK.NS,2025-03-31
EPIGRAL.NS,2025-03-31
EPL.NS,2025-03-31
EQUIPPP.NS,2022-03-31
EQUITASBNK.NS,2025-03-31
ESABINDIA.NS,2025-03-31
ESSARSHPNG.NS,2025-03-31
ESSENTIA.NS,2025-03-31
ETERNAL.NS,2025-03-31
ETHOSLTD.NS,2025-03-31
EXCEL.NS,2025-03-31
EXCELINDUS.NS,2025-03-31
EXPLEOSOL.NS,2025-03-31
EXXARO.NS,2025-03-31
FAZE3Q.NS,2025-03-31
FCL.NS,2025-03-31
FEDFINA.NS,2025-03-31
FEL.NS,2022-03-31
FIBERWEB.NS,2025-03-31
FILATEX.NS,2025-03-31
FINPIPE.NS,2025-03-31
FMGOETZE.NS,2025-03-31
FMNL.NS,2025-03-31
FOCUS.NS,2023-03-31
FORCEMOT.NS,2025-03-31
FORTIS.NS,2025-03-31
GABRIEL.NS,2025-03-31
GALAPREC.NS,2025-03-31
GANESHBE.NS,2025-03-31
GANGAFORGE.NS,2025-03-31
GARFIBRES.NS,2025-03-31
GARUDA.NS,2025-03-31
GEECEE.NS,2025-03-31
GEEKAYWIRE.NS,2025-03-31
GENCON.NS,2025-03-31
GENUSPAPER.NS,2025-03-31
GEOJITFSL.NS,2025-03-31
GHCLTEXTIL.NS,2023-03-31
GIPCL.NS,2025-03-31
GKWLIMITED.NS,2025-03-31
GLAXO.NS,2025-03-31
GLFL.NS,2023-03-31
GLFL.NS,2025-03-31
GLFL.NS,2024-03-31
GLFL.NS,2022-03-31
GLOBAL.NS,2025-03-31
GLOBE.NS,2025-03-31
GMRP&UI.NS,2025-03-31
GOACARBON.NS,2025-03-31
GOCLCORP.NS,2025-03-31
GODAVARIB.NS,2025-03-31
GODFRYPHLP.NS,2025-03-31
GODHA.NS,2024-03-31
GODIGIT.NS,2021-03-31
GOENKA.NS,2025-03-31
GOKULAGRO.NS,2025-03-31
GOYALALUM.NS,2025-03-31
GRANULES.NS,2025-03-31
GRASIM.NS,2025-03-31
GREENLAM.NS,2025-03-31
GRINFRA.NS,2025-03-31
GRMOVER.NS,2025-03-31
GROBTEA.NS,2025-03-31
GSFC.NS,2025-03-31
GTECJAINX.NS,2025-03-31
GTLINFRA.NS,2025-03-31
GUFICBIO.NS,2025-03-31
GULFOILLUB.NS,2025-03-31
GULPOLY.NS,2025-03-31
GVPTECH.NS,2025-03-31
HARDWYN.NS,2025-03-31
HARRMALAYA.NS,2025-03-31
HATSUN.NS,2025-03-31
HAVISHA.NS,2025-03-31
HBSL.NS,2025-03-31
HECPROJECT.NS,2025-03-31
HEMIPROP.NS,2025-03-31
HEMIPROP.NS,2022-03-31
HERCULES.NS,2025-03-31
HEXATRADEX.NS,2025-03-31
HILTON.NS,2025-03-31
HINDCOMPOS.NS,2025-03-31
HINDCON.NS,2024-03-31
HINDMOTORS.NS,2023-03-31
HINDMOTORS.NS,2025-03-31
HINDMOTORS.NS,2024-03-31
HINDMOTORS.NS,2022-03-31
HINDNATGLS.NS,2025-03-31
HINDZINC.NS,2025-03-31
HITECHCORP.NS,2025-03-31
HMVL.NS,2025-03-31
HNDFDS.NS,2025-03-31
HOMEFIRST.NS,2025-03-31
HONASA.NS,2025-03-31
HONAUT.NS,2025-03-31
HSCL.NS,2025-03-31
HTMEDIA.NS,2025-03-31
HUDCO.NS,2025-03-31
ICEMAKE.NS,2025-03-31
ICICIPRULI.NS,2025-03-31
ICIL.NS,2025-03-31
IFBIND.NS,2025-03-31
IFCI.NS,2025-03-31
IFGLEXPOR.NS,2025-03-31
IGARASHI.NS,2025-03-31
IGPL.NS,2025-03-31
IIFLCAPS.NS,2025-03-31
IMFA.NS,2025-03-31
INDBANK.NS,2025-03-31
INDGN.NS,2025-03-31
INDHOTEL.NS,2025-03-31
INDIAGLYCO.NS,2025-03-31
INDIANB.NS,2025-03-31
INDIANHUME.NS,2025-03-31
INDIASHLTR.NS,2025-03-31
INDIGOPNTS.NS,2025-03-31
INDOAMIN.NS,2025-03-31
INDOFARM.NS,2025-03-31
INDORAMA.NS,2025-03-31
INDOSTAR.NS,2025-03-31
INDOTHAI.NS,2025-03-31
INDOWIND.NS,2025-03-31
INDUSTOWER.NS,2025-03-31
INFOBEAN.NS,2025-03-31
INFOMEDIA.NS,2023-03-31
INFOMEDIA.NS,2022-03-31
INFOMEDIA.NS,2024-03-31
INFOMEDIA.NS,2025-03-31
INOXGREEN.NS,2025-03-31
INOXINDIA.NS,2025-03-31
INSPIRISYS.NS,2025-03-31
INTELLECT.NS,2025-03-31
INVENTURE.NS,2025-03-31
IOB.NS,2025-03-31
IONEXCHANG.NS,2021-03-31
IRCON.NS,2025-03-31
IRISDOREME.NS,2025-03-31
IRMENERGY.NS,2025-03-31
ISFT.NS,2025-03-31
ISHANCH.NS,2025-03-31
ITCHOTELS.NS,2025-03-31
IWEL.NS,2025-03-31
IXIGO.NS,2021-03-31
J&KBANK.NS,2025-03-31
JAGSNPHARM.NS,2025-03-31
JAIBALAJI.NS,2025-03-31
JAIPURKURT.NS,2025-03-31
JAMNAAUTO.NS,2025-03-31
JASH.NS,2025-03-31
JAYSREETEA.NS,2025-03-31
JBCHEPHARM.NS,2025-03-31
JCHAC.NS,2025-03-31
JGCHEM.NS,2025-03-31
JINDALPHOT.NS,2024-03-31
JINDALSTEL.NS,2025-03-31
JINDWORLD.NS,2025-03-31
JISLDVREQS.NS,2025-03-31
JKTYRE.NS,2025-03-31
JMA.NS,2025-03-31
JMFINANCIL.NS,2025-03-31
JNKINDIA.NS,2021-03-31
JOCIL.NS,2025-03-31
JPPOWER.NS,2025-03-31
JSFB.NS,2025-03-31
JSL.NS,2025-03-31
JSWINFRA.NS,2025-03-31
JUBLCPL.NS,2025-03-31
JUBLINGREA.NS,2025-03-31
JYOTHYLAB.NS,2025-03-31
JYOTICNC.NS,2025-03-31
KABRAEXTRU.NS,2025-03-31
KALYANIFRG.NS,2025-03-31
KALYANKJIL.NS,2025-03-31
KAMOPAINTS.NS,2022-03-31
KANANIIND.NS,2025-03-31
KAPSTON.NS,2025-03-31
KARURVYSYA.NS,2025-03-31
KAVVERITEL.NS,2025-03-31
KCP.NS,2025-03-31
KERNEX.NS,2025-03-31
KEYFINSERV.NS,2025-03-31
KHANDSE.NS,2025-03-31
KICL.NS,2025-03-31
KIRIINDUS.NS,2025-03-31
KIRLOSBROS.NS,2025-03-31
KIRLPNU.NS,2025-03-31
KKCL.NS,2025-03-31
KMEW.NS,2025-03-31
KOPRAN.NS,2025-03-31
KOTAKBANK.NS,2025-03-31
KOTARISUG.NS,2025-03-31
KOTHARIPET.NS,2025-03-31
KOTHARIPRO.NS,2025-03-31
KPITTECH.NS,2025-03-31
KPRMILL.NS,2025-03-31
KREBSBIO.NS,2025-03-31
KRIDHANINF.NS,2025-03-31
KRISHANA.NS,2025-03-31
KRISHIVAL.NS,2025-03-31
KRITI.NS,2025-03-31
KRITIKA.NS,2025-03-31
KRITINUT.NS,2025-03-31
KRN.NS,2025-03-31
KRONOX.NS,2025-03-31
KRONOX.NS,2021-03-31
KROSS.NS,2021-03-31
KSHITIJPOL.NS,2025-03-31
KTKBANK.NS,2025-03-31
KUANTUM.NS,2025-03-31
LAGNAM.NS,2025-03-31
LANCORHOL.NS,2025-03-31
LANDMARK.NS,2025-03-31
LATENTVIEW.NS,2025-03-31
LATTEYS.NS,2025-03-31
LAURUSLABS.NS,2025-03-31
LAXMICOT.NS,2025-03-31
LFIC.NS,2025-03-31
LGBBROSLTD.NS,2025-03-31
LIBERTSHOE.NS,2025-03-31
LICI.NS,2025-03-31
LIKHITHA.NS,2025-03-31
LLOYDSME.NS,2025-03-31
LOKESHMACH.NS,2025-03-31
LOTUSEYE.NS,2025-03-31
LOVABLE.NS,2025-03-31
LOYALTEX.NS,2025-03-31
LTF.NS,2025-03-31
LUPIN.NS,2025-03-31
LXCHEM.NS,2025-03-31
LYKALABS.NS,2025-03-31
M&MFIN.NS,2025-03-31
MAANALU.NS,2025-03-31
MACPOWER.NS,2025-03-31
MADRASFERT.NS,2025-03-31
MAHASTEEL.NS,2025-03-31
MAHESHWARI.NS,2025-03-31
MAHLIFE.NS,2025-03-31
MALUPAPER.NS,2025-03-31
MAMATA.NS,2025-03-31
MANAKSIA.NS,2025-03-31
MANALIPETC.NS,2025-03-31
MANAPPURAM.NS,2025-03-31
MANGALAM.NS,2023-03-31
MANGLMCEM.NS,2025-03-31
MANOMAY.NS,2025-03-31
MANORG.NS,2025-03-31
MAPMYINDIA.NS,2025-03-31
MARALOVER.NS,2025-03-31
MARINE.NS,2025-03-31
MARKSANS.NS,2025-03-31
MARSHALL.NS,2024-03-31
MASKINVEST.NS,2024-03-31
MASTERTR.NS,2025-03-31
MAZDOCK.NS,2025-03-31
MBAPL.NS,2025-03-31
MCL.NS,2023-03-31
MCL.NS,2025-03-31
MCLEODRUSS.NS,2025-03-31
MCX.NS,2025-03-31
MEDANTA.NS,2025-03-31
MEDICO.NS,2025-03-31
MEDPLUS.NS,2025-03-31
MEGASOFT.NS,2025-03-31
MEGASOFT.NS,2024-03-31
MFML.NS,2022-03-31
MGEL.NS,2025-03-31
MINDACORP.NS,2025-03-31
MIRCELECTR.NS,2025-03-31
MITCON.NS,2025-03-31
MITTAL.NS,2025-03-31
MMTC.NS,2025-03-31
MOBIKWIK.NS,2025-03-31
MODISONLTD.NS,2025-03-31
MOIL.NS,2025-03-31
MOL.NS,2025-03-31
MOLDTECH.NS,2025-03-31
MONARCH.NS,2025-03-31
MOREPENLAB.NS,2025-03-31
MOTILALOFS.NS,2025-03-31
MOTISONS.NS,2025-03-31
MPSLTD.NS,2025-03-31
MRF.NS,2025-03-31
MRPL.NS,2025-03-31
MSTCLTD.NS,2025-03-31
MUFIN.NS,2025-03-31
MUKKA.NS,2025-03-31
MUNJALAU.NS,2025-03-31
MUTHOOTCAP.NS,2025-03-31
MVGJL.NS,2025-03-31
NACLIND.NS,2025-03-31
NAGREEKEXP.NS,2025-03-31
NAHARINDUS.NS,2025-03-31
NAHARPOLY.NS,2025-03-31
NAHARSPING.NS,2025-03-31
NATCOPHARM.NS,2025-03-31
NAVKARURB.NS,2025-03-31
NBIFIN.NS,2025-03-31
NCLIND.NS,2025-03-31
NDGL.NS,2025-03-31
NDLVENTURE.NS,2023-03-31
NDLVENTURE.NS,2025-03-31
NDLVENTURE.NS,2024-03-31
NECCLTD.NS,2025-03-31
NECLIFE.NS,2025-03-31
NESTLEIND.NS,2025-03-31
NETWEB.NS,2025-03-31
NEXTMEDIA.NS,2025-03-31
NFL.NS,2025-03-31
NGIL.NS,2025-03-31
NGLFINE.NS,2025-03-31
NHPC.NS,2025-03-31
NIBE.NS,2025-03-31
NILAINFRA.NS,2025-03-31
NITINSPIN.NS,2025-03-31
NITIRAJ.NS,2025-03-31
NIVABUPA.NS,2025-03-31
NMDC.NS,2025-03-31
NOCIL.NS,2025-03-31
NOIDATOLL.NS,2025-03-31
NORTHARC.NS,2025-03-31
NPST.NS,2025-03-31
NRAIL.NS,2025-03-31
NRL.NS,2025-03-31
NSIL.NS,2025-03-31
NSLNISP.NS,2025-03-31
NSLNISP.NS,2023-03-31
NSLNISP.NS,2022-03-31
NURECA.NS,2025-03-31
NUVAMA.NS,2025-03-31
NUVOCO.NS,2025-03-31
OAL.NS,2025-03-31
OCCLLTD.NS,2025-03-31
OILCOUNTUB.NS,2022-03-31
OLECTRA.NS,2025-03-31
ONESOURCE.NS,2025-03-31
ONMOBILE.NS,2025-03-31
ONWARDTEC.NS,2025-03-31
OPTIEMUS.NS,2025-03-31
ORIENTTECH.NS,2025-03-31
ORISSAMINE.NS,2025-03-31
OSIAHYPER.NS,2024-03-31
PALASHSECU.NS,2025-03-31
PANACHE.NS,2025-03-31
PAR.NS,2025-03-31
PARACABLES.NS,2025-03-31
PARASPETRO.NS,2023-03-31
PARASPETRO.NS,2024-03-31
PARASPETRO.NS,2022-03-31
PARASPETRO.NS,2025-03-31
PARKHOTELS.NS,2025-03-31
PATANJALI.NS,2025-03-31
PDMJEPAPER.NS,2025-03-31
PEARLPOLY.NS,2025-03-31
PENIND.NS,2025-03-31
PFIZER.NS,2025-03-31
PFOCUS.NS,2025-03-31
PGIL.NS,2025-03-31
PHOENIXLTD.NS,2025-03-31
PIGL.NS,2025-03-31
PILANIINVS.NS,2025-03-31
PIONEEREMB.NS,2025-03-31
PITTIENG.NS,2025-03-31
PKTEA.NS,2025-03-31
PNBGILTS.NS,2025-03-31
PNCINFRA.NS,2025-03-31
PODDARMENT.NS,2025-03-31
POKARNA.NS,2025-03-31
POLYMED.NS,2025-03-31
POWERMECH.NS,2025-03-31
PPAP.NS,2025-03-31
PRABHA.NS,2022-03-31
PRABHA.NS,2025-03-31
PRAENG.NS,2025-03-31
PRAKASH.NS,2025-03-31
PRECAM.NS,2025-03-31
PRECWIRE.NS,2025-03-31
PREMEXPLN.NS,2025-03-31
PREMIER.NS,2022-03-31
PREMIER.NS,2025-03-31
PRITI.NS,2025-03-31
PROSTARM.NS,2024-03-31
PRUDENT.NS,2025-03-31
PRUDMOULI.NS,2025-03-31
PTC.NS,2025-03-31
PUNJABCHEM.NS,2025-03-31
PVSL.NS,2025-03-31
PYRAMID.NS,2025-03-31
RACE.NS,2025-03-31
RACLGEAR.NS,2025-03-31
RADHIKAJWE.NS,2025-03-31
RAINBOW.NS,2025-03-31
RAJMET.NS,2024-03-31
RAJOOENG.NS,2023-03-31
RAJOOENG.NS,2025-03-31
RAJOOENG.NS,2024-03-31
RAJOOENG.NS,2022-03-31
RAJRILTD.NS,2025-03-31
RAJRILTD.NS,2022-03-31
RAMAPHO.NS,2025-03-31
RAMCOCEM.NS,2025-03-31
RAMKY.NS,2025-03-31
RAMRAT.NS,2025-03-31
RANEHOLDIN.NS,2025-03-31
RATNAMANI.NS,2025-03-31
RAYMOND.NS,2025-03-31
RBZJEWEL.NS,2025-03-31
REGENCERAM.NS,2022-03-31
RELAXO.NS,2025-03-31
RELCHEMQ.NS,2025-03-31
RELTD.NS,2025-03-31
REPCOHOME.NS,2025-03-31
REPL.NS,2025-03-31
REPRO.NS,2025-03-31
RHFL.NS,2025-03-31
RHIM.NS,2025-03-31
RKDL.NS,2025-03-31
RKEC.NS,2025-03-31
RML.NS,2025-03-31
ROHLTD.NS,2025-03-31
ROLEXRINGS.NS,2025-03-31
ROLLT.NS,2025-03-31
ROLLT.NS,2024-03-31
ROSSARI.NS,2025-03-31
RPGLIFE.NS,2025-03-31
RPOWER.NS,2025-03-31
RPPINFRA.NS,2025-03-31
RPPL.NS,2024-03-31
RPTECH.NS,2025-03-31
RSSOFTWARE.NS,2025-03-31
RSWM.NS,2025-03-31
RTNINDIA.NS,2025-03-31
RUCHINFRA.NS,2025-03-31
RUSHIL.NS,2025-03-31
RVHL.NS,2022-03-31
RVNL.NS,2025-03-31
RVTH.NS,2025-03-31
S&SPOWER.NS,2025-03-31
SABEVENTS.NS,2025-03-31
SABTNL.NS,2023-03-31
SABTNL.NS,2022-03-31
SADBHAV.NS,2025-03-31
SADHNANIQ.NS,2025-03-31
SAFARI.NS,2025-03-31
SAGARDEEP.NS,2024-03-31
SAGCEM.NS,2025-03-31
SAGILITY.NS,2022-03-31
SAKHTISUG.NS,2025-03-31
SALASAR.NS,2025-03-31
SALONA.NS,2025-03-31
SALSTEEL.NS,2025-03-31
SAMBHAAV.NS,2022-03-31
SAMHI.NS,2025-03-31
SAMPANN.NS,2025-03-31
SANATHAN.NS,2025-03-31
SANDUMA.NS,2025-03-31
SANGAMIND.NS,2025-03-31
SANGHIIND.NS,2025-03-31
SANGHVIMOV.NS,2025-03-31
SANGINITA.NS,2025-03-31
SANWARIA.NS,2023-03-31
SANWARIA.NS,2024-03-31
SANWARIA.NS,2022-03-31
SANWARIA.NS,2025-03-31
SAPPHIRE.NS,2025-03-31
SATIA.NS,2025-03-31
SATINDLTD.NS,2025-03-31
SBC.NS,2025-03-31
SBCL.NS,2025-03-31
SBILIFE.NS,2025-03-31
SCI.NS,2025-03-31
SCODATUBES.NS,2024-03-31
SCPL.NS,2025-03-31
SDBL.NS,2025-03-31
SEAMECLTD.NS,2025-03-31
SEJALLTD.NS,2025-03-31
SELAN.NS,2025-03-31
SENCO.NS,2025-03-31
SETUINFRA.NS,2023-03-31
SEYAIND.NS,2025-03-31
SGL.NS,2025-03-31
SHAH.NS,2025-03-31
SHALBY.NS,2025-03-31
SHALPAINTS.NS,2025-03-31
SHEKHAWATI.NS,2025-03-31
SHEMAROO.NS,2025-03-31
SHIVALIK.NS,2025-03-31
SHRADHA.NS,2025-03-31
SHREYANIND.NS,2025-03-31
SHRIRAMFIN.NS,2025-03-31
SHYAMTEL.NS,2023-03-31
SHYAMTEL.NS,2025-03-31
SHYAMTEL.NS,2024-03-31
SIGIND.NS,2025-03-31
SILGO.NS,2025-03-31
SILLYMONKS.NS,2025-03-31
SILLYMONKS.NS,2024-03-31
SIMPLEXINF.NS,2025-03-31
SINCLAIR.NS,2025-03-31
SINDHUTRAD.NS,2023-03-31
SINDHUTRAD.NS,2025-03-31
SINTERCOM.NS,2025-03-31
SIRCA.NS,2025-03-31
SIS.NS,2025-03-31
SIYSIL.NS,2025-03-31
SMCGLOBAL.NS,2025-03-31
SMSPHARMA.NS,2025-03-31
SONAMLTD.NS,2024-03-31
SOTL.NS,2025-03-31
SOUTHWEST.NS,2025-03-31
SPAL.NS,2025-03-31
SPCENET.NS,2025-03-31
SPLPETRO.NS,2025-03-31
SPMLINFRA.NS,2025-03-31
SPORTKING.NS,2025-03-31
SRD.NS,2025-03-31
SREEL.NS,2025-03-31
SRGHFL.NS,2025-03-31
SRHHYPOLTD.NS,2025-03-31
SRPL.NS,2024-03-31
SSDL.NS,2025-03-31
STALLION.NS,2025-03-31
STANLEY.NS,2025-03-31
STANLEY.NS,2021-03-31
STARHEALTH.NS,2025-03-31
STARTECK.NS,2025-03-31
STCINDIA.NS,2023-03-31
STCINDIA.NS,2022-03-31
STCINDIA.NS,2024-03-31
STEELCITY.NS,2025-03-31
STEELXIND.NS,2025-03-31
STERTOOLS.NS,2025-03-31
STLTECH.NS,2025-03-31
STOVEKRAFT.NS,2025-03-31
SUBROS.NS,2025-03-31
SUKHJITS.NS,2025-03-31
SUMIT.NS,2025-03-31
SUNCLAY.NS,2025-03-31
SUNDARMFIN.NS,2025-03-31
SUNTECK.NS,2025-03-31
SUPERSPIN.NS,2023-03-31
SUPERSPIN.NS,2025-03-31
SUPRAJIT.NS,2025-03-31
SUPREMEINF.NS,2025-03-31
SURAJEST.NS,2025-03-31
SURAJLTD.NS,2025-03-31
SURANASOL.NS,2025-03-31
SURYALAXMI.NS,2025-03-31
SURYAROSNI.NS,2025-03-31
SURYODAY.NS,2025-03-31
SUYOG.NS,2025-03-31
SUZLON.NS,2025-03-31
SWANENERGY.NS,2025-03-31
SWIGGY.NS,2025-03-31
SYNGENE.NS,2025-03-31
SYRMA.NS,2025-03-31
TAKE.NS,2025-03-31
TANLA.NS,2025-03-31
TARACHAND.NS,2025-03-31
TARAPUR.NS,2025-03-31
TARMAT.NS,2025-03-31
TARSONS.NS,2025-03-31
TATACHEM.NS,2025-03-31
TATACONSUM.NS,2025-03-31
TATAELXSI.NS,2025-03-31
TATAINVEST.NS,2025-03-31
TATAMOTORS.NS,2025-03-31
TATATECH.NS,2025-03-31
TATVA.NS,2025-03-31
TCI.NS,2025-03-31
TCIFINANCE.NS,2023-03-31
TCIFINANCE.NS,2022-03-31
TCIFINANCE.NS,2024-03-31
TEGA.NS,2025-03-31
TEXRAIL.NS,2025-03-31
TFL.NS,2025-03-31
THANGAMAYL.NS,2025-03-31
THEJO.NS,2025-03-31
THELEELA.NS,2025-03-31
TI.NS,2025-03-31
TICL.NS,2025-03-31
TIIL.NS,2025-03-31
TIJARIA.NS,2025-03-31
TIMESGTY.NS,2025-03-31
TIRUPATIFL.NS,2025-03-31
TIRUPATIFL.NS,2024-03-31
TITAGARH.NS,2025-03-31
TITAN.NS,2025-03-31
TMB.NS,2025-03-31
TNTELE.NS,2023-03-31
TNTELE.NS,2024-03-31
TNTELE.NS,2022-03-31
TNTELE.NS,2025-03-31
TOKYOPLAST.NS,2025-03-31
TOLINS.NS,2025-03-31
TORNTPOWER.NS,2025-03-31
TOTAL.NS,2025-03-31
TOUCHWOOD.NS,2025-03-31
TRACXN.NS,2025-03-31
TRANSWORLD.NS,2025-03-31
TREL.NS,2022-03-31
TRENT.NS,2025-03-31
TRIVENI.NS,2025-03-31
TTKHLTCARE.NS,2025-03-31
TTL.NS,2025-03-31
TTML.NS,2025-03-31
TVSELECT.NS,2025-03-31
TVSHLTD.NS,2025-03-31
TVSSCS.NS,2025-03-31
TVSSRICHAK.NS,2025-03-31
UDS.NS,2025-03-31
UGARSUGAR.NS,2025-03-31
ULTRACEMCO.NS,2025-03-31
UMAEXPORTS.NS,2025-03-31
UNIECOM.NS,2021-03-31
UNIENTER.NS,2025-03-31
UNIINFO.NS,2025-03-31
UNIMECH.NS,2025-03-31
UNIONBANK.NS,2025-03-31
UNITDSPR.NS,2025-03-31
UNITEDPOLY.NS,2025-03-31
UNITEDTEA.NS,2025-03-31
UNIVASTU.NS,2025-03-31
UNIVCABLES.NS,2025-03-31
UNOMINDA.NS,2025-03-31
UPL.NS,2025-03-31
URAVIDEF.NS,2025-03-31
USHAMART.NS,2025-03-31
UTTAMSUGAR.NS,2025-03-31
V2RETAIL.NS,2025-03-31
VADILALIND.NS,2025-03-31
VAIBHAVGBL.NS,2025-03-31
VALIANTLAB.NS,2025-03-31
VALIANTORG.NS,2025-03-31
VARDHACRLC.NS,2025-03-31
VARROC.NS,2025-03-31
VASWANI.NS,2025-03-31
VEEDOL.NS,2025-03-31
VERTOZ.NS,2025-03-31
VGUARD.NS,2025-03-31
VIDHIING.NS,2025-03-31
VIJAYA.NS,2025-03-31
VIJIFIN.NS,2025-03-31
VINATIORGA.NS,2025-03-31
VINDHYATEL.NS,2025-03-31
VINEETLAB.NS,2025-03-31
VINNY.NS,2025-03-31
VINYLINDIA.NS,2025-03-31
VIPCLOTHNG.NS,2025-03-31
VISASTEEL.NS,2025-03-31
VISHWARAJ.NS,2025-03-31
VIVIDHA.NS,2025-03-31
VPRPL.NS,2025-03-31
VRAJ.NS,2021-03-31
VSTIND.NS,2025-03-31
VSTL.NS,2025-03-31
WAAREERTL.NS,2025-03-31
WABAG.NS,2025-03-31
WALCHANNAG.NS,2025-03-31
WEALTH.NS,2025-03-31
WEBELSOLAR.NS,2025-03-31
WEIZMANIND.NS,2025-03-31
WEL.NS,2025-03-31
WENDT.NS,2025-03-31
WESTLIFE.NS,2025-03-31
WEWIN.NS,2025-03-31
WHIRLPOOL.NS,2025-03-31
WINDLAS.NS,2025-03-31
WIPL.NS,2025-03-31
WONDERLA.NS,2025-03-31
WORTH.NS,2025-03-31
WSI.NS,2025-03-31
WSI.NS,2022-03-31
XELPMOC.NS,2025-03-31
YAARI.NS,2025-03-31
YASHO.NS,2025-03-31
YATHARTH.NS,2025-03-31
YATRA.NS,2025-03-31
ZAGGLE.NS,2025-03-31
ZEEL.NS,2025-03-31
ZEELEARN.NS,2025-03-31
ZENSARTECH.NS,2025-03-31
ZODIACLOTH.NS,2025-03-31
ZOTA.NS,2025-03-31
